0 info it worked if it ends with ok
1 verbose cli [ '/usr/local/bin/node', '/usr/local/bin/npm', 'start' ]
2 info using npm@3.10.3
3 info using node@v6.5.0
4 verbose run-script [ 'prestart', 'start', 'poststart' ]
5 info lifecycle dist@1.0.0~prestart: dist@1.0.0
6 silly lifecycle dist@1.0.0~prestart: no script for prestart, continuing
7 info lifecycle dist@1.0.0~start: dist@1.0.0
8 verbose lifecycle dist@1.0.0~start: unsafe-perm in lifecycle true
9 verbose lifecycle dist@1.0.0~start: PATH: /usr/local/lib/node_modules/npm/bin/node-gyp-bin:/Users/arm/Documents/projects/oasit/dist/node_modules/.bin:/usr/local/bin:/opt/local/bin:/opt/local/sbin:/opt/local/bin:/opt/local/sbin:/opt/local/bin:/opt/local/sbin:/usr/local/bin:/opt/local/bin:/opt/local/sbin:/Library/Frameworks/Python.framework/Versions/2.7/bin:/usr/local/sbin:/usr/local/sbin:/usr/local/sbin:/opt/local/bin:/opt/local/sbin:/opt/local/bin:/opt/local/sbin:/Users/arm/.rvm/gems/ruby-2.1.0/bin:/Users/arm/.rvm/gems/ruby-2.1.0@global/bin:/Users/arm/.rvm/rubies/ruby-2.1.0/bin:/usr/local/bin:/usr/bin:/bin:/usr/sbin:/sbin:/opt/X11/bin:/usr/local/git/bin:/Library/TeX/texbin:/Users/arm/.rvm/bin
10 verbose lifecycle dist@1.0.0~start: CWD: /Users/arm/Documents/projects/oasit/dist
11 silly lifecycle dist@1.0.0~start: Args: [ '-c', 'bin/http-server' ]
12 info lifecycle dist@1.0.0~start: Failed to exec start script
13 verbose stack Error: dist@1.0.0 start: `bin/http-server`
13 verbose stack spawn ENOENT
13 verbose stack     at ChildProcess.<anonymous> (/usr/local/lib/node_modules/npm/lib/utils/spawn.js:33:16)
13 verbose stack     at emitTwo (events.js:106:13)
13 verbose stack     at ChildProcess.emit (events.js:191:7)
13 verbose stack     at maybeClose (internal/child_process.js:877:16)
13 verbose stack     at Process.ChildProcess._handle.onexit (internal/child_process.js:226:5)
14 verbose pkgid dist@1.0.0
15 verbose cwd /Users/arm/Documents/projects/oasit/dist
16 error Darwin 16.0.0
17 error argv "/usr/local/bin/node" "/usr/local/bin/npm" "start"
18 error node v6.5.0
19 error npm  v3.10.3
20 error file sh
21 error code ELIFECYCLE
22 error errno ENOENT
23 error syscall spawn
24 error dist@1.0.0 start: `bin/http-server`
24 error spawn ENOENT
25 error Failed at the dist@1.0.0 start script 'bin/http-server'.
25 error Make sure you have the latest version of node.js and npm installed.
25 error If you do, this is most likely a problem with the dist package,
25 error not with npm itself.
25 error Tell the author that this fails on your system:
25 error     bin/http-server
25 error You can get information on how to open an issue for this project with:
25 error     npm bugs dist
25 error Or if that isn't available, you can get their info via:
25 error     npm owner ls dist
25 error There is likely additional logging output above.
26 verbose exit [ 1, true ]
